<?xml version="1.0" encoding="UTF-8"?>
<testsuites name="All tests" tests="2" failures="1" errors="0">
    <testsuite tests="2" failures="1" errors="0" name="Testsuite.xctest">
        <testsuite tests="2" failures="1" errors="0" name="Testsuite">
            <testcase classname="Class1" name="test1">
            </testcase>
            <testcase classname="Class1" name="test2">
                <failure type="Failure" message="App Crashed">
                    Unknown File:0
                </failure>
                <system-out>
                    Console log
                </system-out>
            </testcase>
        </testsuite>
    </testsuite>
</testsuites>
