<?xml version="1.0" encoding="UTF-8"?>
<testsuites name="Selected tests" tests="2" failures="0" errors="0">
    <testsuite tests="2" failures="0" errors="0" name="Testsuite.xctest">
        <testsuite tests="2" failures="0" errors="0" name="Testsuite">
            <testcase classname="Class1" name="test2">
                <system-out>
                    Console log
                </system-out>
            </testcase>
            <testcase classname="Class1" name="test3">
                <system-out>
                    Console log
                </system-out>
            </testcase>
        </testsuite>
    </testsuite>
</testsuites>
